Library/Bee/Android/Prj/IL2CPP/Gradle/unityLibrary/build/intermediates/manifest_merge_blame_file/release/manifest-merger-blame-release-report.txt
1<?xml version="1.0" encoding="utf-8"?>
2<manifest xmlns:android="http://schemas.android.com/apk/res/android"
3    xmlns:tools="http://schemas.android.com/tools"
4    package="com.unity3d.player"
5    android:installLocation="auto"
6    android:versionCode="1"
7    android:versionName="0.1" >
8
9    <uses-sdk
10        android:minSdkVersion="24"
10-->src\main\AndroidManifest.xml
11        android:targetSdkVersion="30" />
11-->src\main\AndroidManifest.xml
12
13    <uses-feature android:glEsVersion="0x00030000" />
13-->src\main\AndroidManifest.xml:26:3-52
13-->src\main\AndroidManifest.xml:26:17-49
14
15    <supports-gl-texture android:name="GL_KHR_texture_compression_astc_ldr" />
15-->src\main\AndroidManifest.xml:27:3-77
15-->src\main\AndroidManifest.xml:27:24-74
16
17    <uses-permission android:name="android.permission.INTERNET" />
17-->src\main\AndroidManifest.xml:28:3-65
17-->src\main\AndroidManifest.xml:28:20-62
18
19    <uses-feature
19-->src\main\AndroidManifest.xml:29:3-88
20        android:name="android.hardware.touchscreen"
20-->src\main\AndroidManifest.xml:29:17-60
21        android:required="false" />
21-->src\main\AndroidManifest.xml:29:61-85
22    <uses-feature
22-->src\main\AndroidManifest.xml:30:3-99
23        android:name="android.hardware.touchscreen.multitouch"
23-->src\main\AndroidManifest.xml:30:17-71
24        android:required="false" />
24-->src\main\AndroidManifest.xml:30:72-96
25    <uses-feature
25-->src\main\AndroidManifest.xml:31:3-108
26        android:name="android.hardware.touchscreen.multitouch.distinct"
26-->src\main\AndroidManifest.xml:31:17-80
27        android:required="false" />
27-->src\main\AndroidManifest.xml:31:81-105
28    <uses-feature
28-->src\main\AndroidManifest.xml:32:3-111
29        android:name="android.hardware.vr.headtracking"
29-->src\main\AndroidManifest.xml:32:17-64
30        android:required="true"
30-->src\main\AndroidManifest.xml:32:65-88
31        android:version="1" />
31-->src\main\AndroidManifest.xml:32:89-108
32
33    <application android:extractNativeLibs="true" >
33-->src\main\AndroidManifest.xml:3:3-25:17
33-->src\main\AndroidManifest.xml:3:16-48
34        <activity
34-->src\main\AndroidManifest.xml:4:5-13:16
35            android:name="com.unity3d.player.UnityPlayerActivity"
35-->src\main\AndroidManifest.xml:4:15-68
36            android:configChanges="keyboard|keyboardHidden|navigation|orientation|screenLayout|screenSize|uiMode|density"
36-->src\main\AndroidManifest.xml:4:204-313
37            android:hardwareAccelerated="false"
37-->src\main\AndroidManifest.xml:4:349-384
38            android:launchMode="singleTask"
38-->src\main\AndroidManifest.xml:4:172-203
39            android:resizeableActivity="false"
39-->src\main\AndroidManifest.xml:4:314-348
40            android:screenOrientation="landscape"
40-->src\main\AndroidManifest.xml:4:134-171
41            android:theme="@android:style/Theme.Black.NoTitleBar.Fullscreen" >
41-->src\main\AndroidManifest.xml:4:69-133
42            <intent-filter>
42-->src\main\AndroidManifest.xml:5:7-9:23
43                <action android:name="android.intent.action.MAIN" />
43-->src\main\AndroidManifest.xml:6:9-61
43-->src\main\AndroidManifest.xml:6:17-58
44
45                <category android:name="android.intent.category.LAUNCHER" />
45-->src\main\AndroidManifest.xml:7:9-69
45-->src\main\AndroidManifest.xml:7:19-66
46                <category android:name="com.oculus.intent.category.VR" />
46-->src\main\AndroidManifest.xml:8:9-66
46-->src\main\AndroidManifest.xml:8:19-63
47            </intent-filter>
48
49            <meta-data
49-->src\main\AndroidManifest.xml:10:7-82
50                android:name="unityplayer.UnityActivity"
50-->src\main\AndroidManifest.xml:10:18-58
51                android:value="true" />
51-->src\main\AndroidManifest.xml:10:59-79
52            <meta-data
52-->src\main\AndroidManifest.xml:11:7-78
53                android:name="android.notch_support"
53-->src\main\AndroidManifest.xml:11:18-54
54                android:value="true" />
54-->src\main\AndroidManifest.xml:11:55-75
55            <meta-data
55-->src\main\AndroidManifest.xml:12:7-81
56                android:name="com.oculus.vr.focusaware"
56-->src\main\AndroidManifest.xml:12:18-57
57                android:value="true" />
57-->src\main\AndroidManifest.xml:12:58-78
58        </activity>
59
60        <meta-data
60-->src\main\AndroidManifest.xml:14:5-69
61            android:name="unity.splash-mode"
61-->src\main\AndroidManifest.xml:14:16-48
62            android:value="0" />
62-->src\main\AndroidManifest.xml:14:49-66
63        <meta-data
63-->src\main\AndroidManifest.xml:15:5-74
64            android:name="unity.splash-enable"
64-->src\main\AndroidManifest.xml:15:16-50
65            android:value="True" />
65-->src\main\AndroidManifest.xml:15:51-71
66        <meta-data
66-->src\main\AndroidManifest.xml:16:5-78
67            android:name="unity.launch-fullscreen"
67-->src\main\AndroidManifest.xml:16:16-54
68            android:value="True" />
68-->src\main\AndroidManifest.xml:16:55-75
69        <meta-data
69-->src\main\AndroidManifest.xml:17:5-84
70            android:name="unity.allow-resizable-window"
70-->src\main\AndroidManifest.xml:17:16-59
71            android:value="False" />
71-->src\main\AndroidManifest.xml:17:60-81
72        <meta-data
72-->src\main\AndroidManifest.xml:18:5-81
73            android:name="notch.config"
73-->src\main\AndroidManifest.xml:18:16-43
74            android:value="portrait|landscape" />
74-->src\main\AndroidManifest.xml:18:44-78
75        <meta-data
75-->src\main\AndroidManifest.xml:19:5-84
76            android:name="unity.auto-report-fully-drawn"
76-->src\main\AndroidManifest.xml:19:16-60
77            android:value="true" />
77-->src\main\AndroidManifest.xml:19:61-81
78        <meta-data
78-->src\main\AndroidManifest.xml:20:5-97
79            android:name="com.samsung.android.vr.application.mode"
79-->src\main\AndroidManifest.xml:20:16-70
80            android:value="vr_only" />
80-->src\main\AndroidManifest.xml:20:71-94
81        <meta-data
81-->src\main\AndroidManifest.xml:21:5-91
82            android:name="com.unity.xr.oculus.LowOverheadMode"
82-->src\main\AndroidManifest.xml:21:16-66
83            android:value="false" />
83-->src\main\AndroidManifest.xml:21:67-88
84        <meta-data
84-->src\main\AndroidManifest.xml:22:5-88
85            android:name="com.unity.xr.oculus.LateLatching"
85-->src\main\AndroidManifest.xml:22:16-63
86            android:value="false" />
86-->src\main\AndroidManifest.xml:22:64-85
87        <meta-data
87-->src\main\AndroidManifest.xml:23:5-93
88            android:name="com.unity.xr.oculus.LateLatchingDebug"
88-->src\main\AndroidManifest.xml:23:16-68
89            android:value="false" />
89-->src\main\AndroidManifest.xml:23:69-90
90        <meta-data
90-->src\main\AndroidManifest.xml:24:5-90
91            android:name="com.oculus.supportedDevices"
91-->src\main\AndroidManifest.xml:24:16-58
92            android:value="quest|quest2" />
92-->src\main\AndroidManifest.xml:24:59-87
93    </application>
94
95</manifest>